2021-07-27 11:37:35,407 - green_transport_twin - INFO - Logs Folder: ./
2021-07-27 11:37:35,410 - green_transport_twin - INFO - Green Transport Twin Created
2021-07-27 11:37:35,411 - green_transport_twin - INFO - Broker URL: http://scorpio:9090
2021-07-27 11:37:35,416 - green_transport_twin - INFO - Poll Intervall: 900
2021-07-27 11:37:35,418 - green_transport_twin - INFO - Simulate vehicle data: True
2021-07-27 11:37:35,721 - green_transport_twin - ERROR - Something went wrong connecting to the NGSI-LD broker. Maybe server is down.
2021-07-27 11:37:35,776 - green_transport_twin - ERROR - Something went wrong connecting to the NGSI-LD broker. Maybe server is down.
2021-07-27 11:37:35,819 - green_transport_twin - ERROR - Something went wrong connecting to the NGSI-LD broker. Maybe server is down.
2021-07-27 11:37:35,878 - green_transport_twin - ERROR - Something went wrong connecting to the NGSI-LD broker. Maybe server is down.
2021-07-27 11:37:35,940 - green_transport_twin - ERROR - Something went wrong connecting to the NGSI-LD broker. Maybe server is down.
2021-07-27 11:37:40,063 - green_transport_twin - ERROR - Something went wrong connecting to the NGSI-LD broker. Maybe server is down.
2021-07-27 11:37:40,071 - green_transport_twin - ERROR - Something went wrong connecting to the NGSI-LD broker. Maybe server is down.
2021-07-27 11:37:40,078 - green_transport_twin - ERROR - Something went wrong connecting to the NGSI-LD broker. Maybe server is down.
2021-07-27 11:37:40,083 - green_transport_twin - ERROR - Something went wrong connecting to the NGSI-LD broker. Maybe server is down.
2021-07-27 11:37:40,093 - green_transport_twin - ERROR - Something went wrong connecting to the NGSI-LD broker. Maybe server is down.
2021-07-27 11:37:40,100 - green_transport_twin - ERROR - Something went wrong connecting to the NGSI-LD broker. Maybe server is down.
2021-07-27 11:37:40,106 - green_transport_twin - ERROR - Something went wrong connecting to the NGSI-LD broker. Maybe server is down.
2021-07-27 11:37:40,113 - green_transport_twin - ERROR - Something went wrong connecting to the NGSI-LD broker. Maybe server is down.
2021-07-27 11:37:40,123 - green_transport_twin - ERROR - Something went wrong connecting to the NGSI-LD broker. Maybe server is down.
2021-07-27 11:37:43,278 - green_transport_twin - ERROR - Something went wrong connecting to the NGSI-LD broker. Maybe server is down.
2021-07-27 11:37:43,290 - green_transport_twin - ERROR - Something went wrong connecting to the NGSI-LD broker. Maybe server is down.
2021-07-27 11:37:43,308 - green_transport_twin - ERROR - Something went wrong connecting to the NGSI-LD broker. Maybe server is down.
2021-07-27 11:37:43,318 - green_transport_twin - ERROR - Something went wrong connecting to the NGSI-LD broker. Maybe server is down.
2021-07-27 11:37:43,328 - green_transport_twin - ERROR - Something went wrong connecting to the NGSI-LD broker. Maybe server is down.
2021-07-27 11:37:43,349 - green_transport_twin - ERROR - Something went wrong connecting to the NGSI-LD broker. Maybe server is down.
2021-07-27 11:37:43,374 - green_transport_twin - ERROR - Something went wrong connecting to the NGSI-LD broker. Maybe server is down.
2021-07-27 11:37:43,413 - green_transport_twin - ERROR - Something went wrong connecting to the NGSI-LD broker. Maybe server is down.
2021-07-27 11:37:43,438 - green_transport_twin - ERROR - Something went wrong connecting to the NGSI-LD broker. Maybe server is down.
2021-07-27 11:37:43,456 - green_transport_twin - ERROR - Something went wrong connecting to the NGSI-LD broker. Maybe server is down.
2021-07-27 11:37:52,544 - green_transport_twin - ERROR - Something went wrong connecting to the NGSI-LD broker. Maybe server is down.
2021-07-27 11:37:52,573 - green_transport_twin - ERROR - Something went wrong connecting to the NGSI-LD broker. Maybe server is down.
2021-07-27 11:37:52,615 - green_transport_twin - ERROR - Something went wrong connecting to the NGSI-LD broker. Maybe server is down.
2021-07-27 11:37:52,637 - green_transport_twin - ERROR - Something went wrong connecting to the NGSI-LD broker. Maybe server is down.
2021-07-27 11:37:52,689 - green_transport_twin - ERROR - Something went wrong connecting to the NGSI-LD broker. Maybe server is down.
2021-07-27 11:37:52,723 - green_transport_twin - ERROR - Something went wrong connecting to the NGSI-LD broker. Maybe server is down.
2021-07-27 11:37:52,816 - green_transport_twin - ERROR - Something went wrong connecting to the NGSI-LD broker. Maybe server is down.
2021-07-27 11:37:52,837 - green_transport_twin - ERROR - Something went wrong connecting to the NGSI-LD broker. Maybe server is down.
2021-07-27 11:37:52,873 - green_transport_twin - ERROR - Something went wrong connecting to the NGSI-LD broker. Maybe server is down.
2021-07-27 11:37:52,893 - green_transport_twin - ERROR - Something went wrong connecting to the NGSI-LD broker. Maybe server is down.
2021-07-27 11:37:52,916 - green_transport_twin - ERROR - Something went wrong connecting to the NGSI-LD broker. Maybe server is down.
2021-07-27 11:37:53,042 - green_transport_twin - ERROR - Something went wrong connecting to the NGSI-LD broker. Maybe server is down.
2021-07-27 11:37:55,243 - green_transport_twin - ERROR - Something went wrong connecting to the NGSI-LD broker. Maybe server is down.
2021-07-27 11:37:55,447 - green_transport_twin - ERROR - Something went wrong connecting to the NGSI-LD broker. Maybe server is down.
2021-07-27 11:37:59,218 - green_transport_twin - ERROR - Something went wrong connecting to the NGSI-LD broker. Maybe server is down.
2021-07-27 11:37:59,325 - green_transport_twin - ERROR - Something went wrong connecting to the NGSI-LD broker. Maybe server is down.
2021-07-27 11:37:59,837 - green_transport_twin - ERROR - Something went wrong connecting to the NGSI-LD broker. Maybe server is down.
2021-07-27 11:38:00,138 - green_transport_twin - ERROR - Something went wrong connecting to the NGSI-LD broker. Maybe server is down.
2021-07-27 11:38:01,115 - green_transport_twin - ERROR - Something went wrong connecting to the NGSI-LD broker. Maybe server is down.
2021-07-27 11:38:01,426 - green_transport_twin - ERROR - Something went wrong connecting to the NGSI-LD broker. Maybe server is down.
2021-07-27 11:38:01,458 - green_transport_twin - ERROR - Something went wrong connecting to the NGSI-LD broker. Maybe server is down.
2021-07-27 11:38:01,483 - green_transport_twin - ERROR - Something went wrong connecting to the NGSI-LD broker. Maybe server is down.
2021-07-27 11:38:01,499 - green_transport_twin - ERROR - Something went wrong connecting to the NGSI-LD broker. Maybe server is down.
2021-07-27 11:38:01,649 - green_transport_twin - ERROR - Something went wrong connecting to the NGSI-LD broker. Maybe server is down.
2021-07-27 11:38:01,845 - green_transport_twin - ERROR - Something went wrong connecting to the NGSI-LD broker. Maybe server is down.
2021-07-27 11:38:01,916 - green_transport_twin - ERROR - Something went wrong connecting to the NGSI-LD broker. Maybe server is down.
2021-07-27 11:38:06,990 - green_transport_twin - ERROR - Something went wrong connecting to the NGSI-LD broker. Maybe server is down.
2021-07-27 11:38:07,007 - green_transport_twin - ERROR - Something went wrong connecting to the NGSI-LD broker. Maybe server is down.
2021-07-27 11:38:07,131 - green_transport_twin - ERROR - Something went wrong connecting to the NGSI-LD broker. Maybe server is down.
2021-07-27 11:38:07,207 - green_transport_twin - ERROR - Something went wrong connecting to the NGSI-LD broker. Maybe server is down.
2021-07-27 11:38:07,279 - green_transport_twin - ERROR - Something went wrong connecting to the NGSI-LD broker. Maybe server is down.
2021-07-27 11:38:07,320 - green_transport_twin - ERROR - Something went wrong connecting to the NGSI-LD broker. Maybe server is down.
2021-07-27 11:38:07,340 - green_transport_twin - ERROR - Something went wrong connecting to the NGSI-LD broker. Maybe server is down.
2021-07-27 11:38:07,382 - green_transport_twin - ERROR - Something went wrong connecting to the NGSI-LD broker. Maybe server is down.
2021-07-27 11:38:07,635 - green_transport_twin - ERROR - Something went wrong connecting to the NGSI-LD broker. Maybe server is down.
2021-07-27 11:38:07,687 - green_transport_twin - ERROR - Something went wrong connecting to the NGSI-LD broker. Maybe server is down.
2021-07-27 11:38:07,819 - green_transport_twin - ERROR - Something went wrong connecting to the NGSI-LD broker. Maybe server is down.
2021-07-27 11:38:15,521 - green_transport_twin - ERROR - Something went wrong connecting to the NGSI-LD broker. Maybe server is down.
2021-07-27 11:38:15,575 - green_transport_twin - ERROR - Something went wrong connecting to the NGSI-LD broker. Maybe server is down.
2021-07-27 11:38:15,607 - green_transport_twin - ERROR - Something went wrong connecting to the NGSI-LD broker. Maybe server is down.
2021-07-27 11:38:15,660 - green_transport_twin - ERROR - Something went wrong connecting to the NGSI-LD broker. Maybe server is down.
2021-07-27 11:38:15,736 - green_transport_twin - ERROR - Something went wrong connecting to the NGSI-LD broker. Maybe server is down.
2021-07-27 11:38:15,826 - green_transport_twin - ERROR - Something went wrong connecting to the NGSI-LD broker. Maybe server is down.
2021-07-27 11:38:15,907 - green_transport_twin - ERROR - Something went wrong connecting to the NGSI-LD broker. Maybe server is down.
2021-07-27 11:38:15,963 - green_transport_twin - ERROR - Something went wrong connecting to the NGSI-LD broker. Maybe server is down.
2021-07-27 11:38:16,037 - green_transport_twin - ERROR - Something went wrong connecting to the NGSI-LD broker. Maybe server is down.
2021-07-27 11:38:16,075 - green_transport_twin - ERROR - Something went wrong connecting to the NGSI-LD broker. Maybe server is down.
2021-07-27 11:38:16,115 - green_transport_twin - ERROR - Something went wrong connecting to the NGSI-LD broker. Maybe server is down.
2021-07-27 11:38:22,117 - green_transport_twin - ERROR - Something went wrong connecting to the NGSI-LD broker. Maybe server is down.
2021-07-27 11:38:22,163 - green_transport_twin - ERROR - Something went wrong connecting to the NGSI-LD broker. Maybe server is down.
2021-07-27 11:38:22,189 - green_transport_twin - ERROR - Something went wrong connecting to the NGSI-LD broker. Maybe server is down.
2021-07-27 11:38:22,214 - green_transport_twin - ERROR - Something went wrong connecting to the NGSI-LD broker. Maybe server is down.
2021-07-27 11:38:22,245 - green_transport_twin - ERROR - Something went wrong connecting to the NGSI-LD broker. Maybe server is down.
2021-07-27 11:38:22,266 - green_transport_twin - ERROR - Something went wrong connecting to the NGSI-LD broker. Maybe server is down.
2021-07-27 11:38:22,288 - green_transport_twin - ERROR - Something went wrong connecting to the NGSI-LD broker. Maybe server is down.
2021-07-27 11:38:29,304 - green_transport_twin - ERROR - Something went wrong connecting to the NGSI-LD broker. Maybe server is down.
2021-07-27 11:38:33,375 - green_transport_twin - ERROR - Something went wrong connecting to the NGSI-LD broker. Maybe server is down.
2021-07-27 11:38:33,406 - green_transport_twin - ERROR - Something went wrong connecting to the NGSI-LD broker. Maybe server is down.
2021-07-27 11:38:33,435 - green_transport_twin - ERROR - Something went wrong connecting to the NGSI-LD broker. Maybe server is down.
2021-07-27 11:38:33,465 - green_transport_twin - ERROR - Something went wrong connecting to the NGSI-LD broker. Maybe server is down.
2021-07-27 11:38:33,478 - green_transport_twin - ERROR - Something went wrong connecting to the NGSI-LD broker. Maybe server is down.
2021-07-27 11:38:33,506 - green_transport_twin - ERROR - Something went wrong connecting to the NGSI-LD broker. Maybe server is down.
2021-07-27 11:38:33,532 - green_transport_twin - ERROR - Something went wrong connecting to the NGSI-LD broker. Maybe server is down.
2021-07-27 11:38:42,557 - green_transport_twin - ERROR - Something went wrong connecting to the NGSI-LD broker. Maybe server is down.
2021-07-27 11:38:42,567 - green_transport_twin - ERROR - Something went wrong connecting to the NGSI-LD broker. Maybe server is down.
2021-07-27 11:38:42,590 - green_transport_twin - ERROR - Something went wrong connecting to the NGSI-LD broker. Maybe server is down.
2021-07-27 11:38:42,606 - green_transport_twin - ERROR - Something went wrong connecting to the NGSI-LD broker. Maybe server is down.
2021-07-27 11:38:42,619 - green_transport_twin - ERROR - Something went wrong connecting to the NGSI-LD broker. Maybe server is down.
2021-07-27 11:38:42,631 - green_transport_twin - ERROR - Something went wrong connecting to the NGSI-LD broker. Maybe server is down.
2021-07-27 11:38:42,640 - green_transport_twin - ERROR - Something went wrong connecting to the NGSI-LD broker. Maybe server is down.
2021-07-27 11:38:42,659 - green_transport_twin - ERROR - Something went wrong connecting to the NGSI-LD broker. Maybe server is down.
2021-07-27 11:38:50,639 - green_transport_twin - ERROR - Something went wrong connecting to the NGSI-LD broker. Maybe server is down.
2021-07-27 11:38:50,667 - green_transport_twin - ERROR - Something went wrong connecting to the NGSI-LD broker. Maybe server is down.
2021-07-27 11:38:50,679 - green_transport_twin - ERROR - Something went wrong connecting to the NGSI-LD broker. Maybe server is down.
2021-07-27 11:38:50,687 - green_transport_twin - ERROR - Something went wrong connecting to the NGSI-LD broker. Maybe server is down.
2021-07-27 11:38:50,695 - green_transport_twin - ERROR - Something went wrong connecting to the NGSI-LD broker. Maybe server is down.
2021-07-27 11:38:50,740 - green_transport_twin - ERROR - Something went wrong connecting to the NGSI-LD broker. Maybe server is down.
2021-07-27 11:38:50,762 - green_transport_twin - ERROR - Something went wrong connecting to the NGSI-LD broker. Maybe server is down.
2021-07-27 11:38:50,784 - green_transport_twin - ERROR - Something went wrong connecting to the NGSI-LD broker. Maybe server is down.
2021-07-27 11:38:50,793 - green_transport_twin - ERROR - Something went wrong connecting to the NGSI-LD broker. Maybe server is down.
2021-07-27 11:38:50,810 - green_transport_twin - ERROR - Something went wrong connecting to the NGSI-LD broker. Maybe server is down.
2021-07-27 11:38:50,835 - green_transport_twin - ERROR - Something went wrong connecting to the NGSI-LD broker. Maybe server is down.
2021-07-27 11:38:50,856 - green_transport_twin - ERROR - Something went wrong connecting to the NGSI-LD broker. Maybe server is down.
2021-07-27 11:38:57,878 - green_transport_twin - ERROR - Something went wrong connecting to the NGSI-LD broker. Maybe server is down.
2021-07-27 11:38:57,884 - green_transport_twin - ERROR - Something went wrong connecting to the NGSI-LD broker. Maybe server is down.
2021-07-27 11:38:57,891 - green_transport_twin - ERROR - Something went wrong connecting to the NGSI-LD broker. Maybe server is down.
2021-07-27 11:38:57,896 - green_transport_twin - ERROR - Something went wrong connecting to the NGSI-LD broker. Maybe server is down.
2021-07-27 11:38:57,902 - green_transport_twin - ERROR - Something went wrong connecting to the NGSI-LD broker. Maybe server is down.
2021-07-27 11:39:02,918 - green_transport_twin - ERROR - Something went wrong connecting to the NGSI-LD broker. Maybe server is down.
2021-07-27 11:39:02,926 - green_transport_twin - ERROR - Something went wrong connecting to the NGSI-LD broker. Maybe server is down.
2021-07-27 11:39:02,937 - green_transport_twin - ERROR - Something went wrong connecting to the NGSI-LD broker. Maybe server is down.
2021-07-27 11:39:02,946 - green_transport_twin - ERROR - Something went wrong connecting to the NGSI-LD broker. Maybe server is down.
2021-07-27 11:39:02,956 - green_transport_twin - ERROR - Something went wrong connecting to the NGSI-LD broker. Maybe server is down.
2021-07-27 11:39:02,966 - green_transport_twin - ERROR - Something went wrong connecting to the NGSI-LD broker. Maybe server is down.
2021-07-27 11:39:02,978 - green_transport_twin - ERROR - Something went wrong connecting to the NGSI-LD broker. Maybe server is down.
2021-07-27 11:39:02,985 - green_transport_twin - ERROR - Something went wrong connecting to the NGSI-LD broker. Maybe server is down.
2021-07-27 11:39:07,998 - green_transport_twin - ERROR - Something went wrong connecting to the NGSI-LD broker. Maybe server is down.
2021-07-27 11:39:08,034 - green_transport_twin - ERROR - Something went wrong connecting to the NGSI-LD broker. Maybe server is down.
2021-07-27 11:39:08,069 - green_transport_twin - ERROR - Something went wrong connecting to the NGSI-LD broker. Maybe server is down.
2021-07-27 11:39:08,106 - green_transport_twin - ERROR - Something went wrong connecting to the NGSI-LD broker. Maybe server is down.
2021-07-27 11:39:08,133 - green_transport_twin - ERROR - Something went wrong connecting to the NGSI-LD broker. Maybe server is down.
2021-07-27 11:39:08,156 - green_transport_twin - ERROR - Something went wrong connecting to the NGSI-LD broker. Maybe server is down.
2021-07-27 11:39:08,168 - green_transport_twin - ERROR - Something went wrong connecting to the NGSI-LD broker. Maybe server is down.
2021-07-27 11:39:08,183 - green_transport_twin - ERROR - Something went wrong connecting to the NGSI-LD broker. Maybe server is down.
2021-07-27 11:39:08,204 - green_transport_twin - ERROR - Something went wrong connecting to the NGSI-LD broker. Maybe server is down.
2021-07-27 11:39:08,216 - green_transport_twin - ERROR - Something went wrong connecting to the NGSI-LD broker. Maybe server is down.
2021-07-27 11:39:08,236 - green_transport_twin - ERROR - Something went wrong connecting to the NGSI-LD broker. Maybe server is down.
2021-07-27 11:39:10,256 - green_transport_twin - ERROR - Something went wrong connecting to the NGSI-LD broker. Maybe server is down.
2021-07-27 11:39:10,285 - green_transport_twin - ERROR - Something went wrong connecting to the NGSI-LD broker. Maybe server is down.
2021-07-27 11:39:10,312 - green_transport_twin - ERROR - Something went wrong connecting to the NGSI-LD broker. Maybe server is down.
2021-07-27 11:39:10,368 - green_transport_twin - ERROR - Something went wrong connecting to the NGSI-LD broker. Maybe server is down.
2021-07-27 11:39:10,405 - green_transport_twin - ERROR - Something went wrong connecting to the NGSI-LD broker. Maybe server is down.
2021-07-27 11:39:10,422 - green_transport_twin - ERROR - Something went wrong connecting to the NGSI-LD broker. Maybe server is down.
2021-07-27 11:39:17,455 - green_transport_twin - ERROR - Something went wrong connecting to the NGSI-LD broker. Maybe server is down.
2021-07-27 11:39:17,480 - green_transport_twin - ERROR - Something went wrong connecting to the NGSI-LD broker. Maybe server is down.
2021-07-27 11:39:17,503 - green_transport_twin - ERROR - Something went wrong connecting to the NGSI-LD broker. Maybe server is down.
2021-07-27 11:39:17,543 - green_transport_twin - ERROR - Something went wrong connecting to the NGSI-LD broker. Maybe server is down.
2021-07-27 11:39:17,567 - green_transport_twin - ERROR - Something went wrong connecting to the NGSI-LD broker. Maybe server is down.
2021-07-27 11:39:22,558 - green_transport_twin - ERROR - Something went wrong connecting to the NGSI-LD broker. Maybe server is down.
2021-07-27 11:39:22,570 - green_transport_twin - ERROR - Something went wrong connecting to the NGSI-LD broker. Maybe server is down.
2021-07-27 11:39:22,588 - green_transport_twin - ERROR - Something went wrong connecting to the NGSI-LD broker. Maybe server is down.
2021-07-27 11:39:22,604 - green_transport_twin - ERROR - Something went wrong connecting to the NGSI-LD broker. Maybe server is down.
2021-07-27 11:39:22,624 - green_transport_twin - ERROR - Something went wrong connecting to the NGSI-LD broker. Maybe server is down.
2021-07-27 11:39:22,644 - green_transport_twin - ERROR - Something went wrong connecting to the NGSI-LD broker. Maybe server is down.
2021-07-27 11:39:22,661 - green_transport_twin - ERROR - Something went wrong connecting to the NGSI-LD broker. Maybe server is down.
2021-07-27 11:39:22,702 - green_transport_twin - ERROR - Something went wrong connecting to the NGSI-LD broker. Maybe server is down.
2021-07-27 11:39:22,727 - green_transport_twin - ERROR - Something went wrong connecting to the NGSI-LD broker. Maybe server is down.
2021-07-27 11:39:22,741 - green_transport_twin - ERROR - Something went wrong connecting to the NGSI-LD broker. Maybe server is down.
2021-07-27 11:39:27,777 - green_transport_twin - ERROR - Something went wrong connecting to the NGSI-LD broker. Maybe server is down.
2021-07-27 11:39:27,803 - green_transport_twin - ERROR - Something went wrong connecting to the NGSI-LD broker. Maybe server is down.
2021-07-27 11:39:27,824 - green_transport_twin - ERROR - Something went wrong connecting to the NGSI-LD broker. Maybe server is down.
2021-07-27 11:39:27,841 - green_transport_twin - ERROR - Something went wrong connecting to the NGSI-LD broker. Maybe server is down.
2021-07-27 11:39:27,862 - green_transport_twin - ERROR - Something went wrong connecting to the NGSI-LD broker. Maybe server is down.
2021-07-27 11:39:27,880 - green_transport_twin - ERROR - Something went wrong connecting to the NGSI-LD broker. Maybe server is down.
2021-07-27 11:39:27,902 - green_transport_twin - ERROR - Something went wrong connecting to the NGSI-LD broker. Maybe server is down.
2021-07-27 11:39:27,918 - green_transport_twin - ERROR - Something went wrong connecting to the NGSI-LD broker. Maybe server is down.
2021-07-27 11:39:27,944 - green_transport_twin - ERROR - Something went wrong connecting to the NGSI-LD broker. Maybe server is down.
2021-07-27 11:39:27,966 - green_transport_twin - ERROR - Something went wrong connecting to the NGSI-LD broker. Maybe server is down.
2021-07-27 11:39:27,979 - green_transport_twin - ERROR - Something went wrong connecting to the NGSI-LD broker. Maybe server is down.
2021-07-27 11:39:27,991 - green_transport_twin - ERROR - Something went wrong connecting to the NGSI-LD broker. Maybe server is down.
2021-07-27 11:39:35,024 - green_transport_twin - ERROR - Something went wrong connecting to the NGSI-LD broker. Maybe server is down.
2021-07-27 11:39:35,064 - green_transport_twin - ERROR - Something went wrong connecting to the NGSI-LD broker. Maybe server is down.
2021-07-27 11:39:35,096 - green_transport_twin - ERROR - Something went wrong connecting to the NGSI-LD broker. Maybe server is down.
2021-07-27 11:39:35,143 - green_transport_twin - ERROR - Something went wrong connecting to the NGSI-LD broker. Maybe server is down.
2021-07-27 11:39:35,151 - green_transport_twin - ERROR - Something went wrong connecting to the NGSI-LD broker. Maybe server is down.
2021-07-27 11:39:35,158 - green_transport_twin - ERROR - Something went wrong connecting to the NGSI-LD broker. Maybe server is down.
2021-07-27 11:39:35,165 - green_transport_twin - ERROR - Something went wrong connecting to the NGSI-LD broker. Maybe server is down.
2021-07-27 11:39:35,172 - green_transport_twin - ERROR - Something went wrong connecting to the NGSI-LD broker. Maybe server is down.
2021-07-27 11:39:35,188 - green_transport_twin - ERROR - Something went wrong connecting to the NGSI-LD broker. Maybe server is down.
2021-07-27 11:39:35,211 - green_transport_twin - ERROR - Something went wrong connecting to the NGSI-LD broker. Maybe server is down.
2021-07-27 11:39:35,220 - green_transport_twin - ERROR - Something went wrong connecting to the NGSI-LD broker. Maybe server is down.
2021-07-27 11:39:35,227 - green_transport_twin - ERROR - Something went wrong connecting to the NGSI-LD broker. Maybe server is down.
2021-07-27 11:39:35,236 - green_transport_twin - ERROR - Something went wrong connecting to the NGSI-LD broker. Maybe server is down.
2021-07-27 11:39:35,246 - green_transport_twin - ERROR - Something went wrong connecting to the NGSI-LD broker. Maybe server is down.
2021-07-27 11:39:35,255 - green_transport_twin - ERROR - Something went wrong connecting to the NGSI-LD broker. Maybe server is down.
2021-07-27 11:39:43,278 - green_transport_twin - ERROR - Something went wrong connecting to the NGSI-LD broker. Maybe server is down.
2021-07-27 11:39:43,295 - green_transport_twin - ERROR - Something went wrong connecting to the NGSI-LD broker. Maybe server is down.
2021-07-27 11:39:43,317 - green_transport_twin - ERROR - Something went wrong connecting to the NGSI-LD broker. Maybe server is down.
2021-07-27 11:39:43,338 - green_transport_twin - ERROR - Something went wrong connecting to the NGSI-LD broker. Maybe server is down.
2021-07-27 11:39:43,347 - green_transport_twin - ERROR - Something went wrong connecting to the NGSI-LD broker. Maybe server is down.
2021-07-27 11:39:43,360 - green_transport_twin - ERROR - Something went wrong connecting to the NGSI-LD broker. Maybe server is down.
2021-07-27 11:39:43,373 - green_transport_twin - ERROR - Something went wrong connecting to the NGSI-LD broker. Maybe server is down.
2021-07-27 11:39:43,389 - green_transport_twin - ERROR - Something went wrong connecting to the NGSI-LD broker. Maybe server is down.
2021-07-27 11:39:47,419 - green_transport_twin - ERROR - Something went wrong connecting to the NGSI-LD broker. Maybe server is down.
2021-07-27 11:39:47,434 - green_transport_twin - ERROR - Something went wrong connecting to the NGSI-LD broker. Maybe server is down.
2021-07-27 11:39:47,447 - green_transport_twin - ERROR - Something went wrong connecting to the NGSI-LD broker. Maybe server is down.
2021-07-27 11:39:47,460 - green_transport_twin - ERROR - Something went wrong connecting to the NGSI-LD broker. Maybe server is down.
2021-07-27 11:39:47,486 - green_transport_twin - ERROR - Something went wrong connecting to the NGSI-LD broker. Maybe server is down.
2021-07-27 11:39:47,505 - green_transport_twin - ERROR - Something went wrong connecting to the NGSI-LD broker. Maybe server is down.
2021-07-27 11:39:47,522 - green_transport_twin - ERROR - Something went wrong connecting to the NGSI-LD broker. Maybe server is down.
2021-07-27 11:39:47,531 - green_transport_twin - ERROR - Something went wrong connecting to the NGSI-LD broker. Maybe server is down.
2021-07-27 11:39:47,543 - green_transport_twin - ERROR - Something went wrong connecting to the NGSI-LD broker. Maybe server is down.
2021-07-27 11:39:47,569 - green_transport_twin - ERROR - Something went wrong connecting to the NGSI-LD broker. Maybe server is down.
2021-07-27 11:39:47,583 - green_transport_twin - ERROR - Something went wrong connecting to the NGSI-LD broker. Maybe server is down.
2021-07-27 11:39:49,598 - green_transport_twin - ERROR - Something went wrong connecting to the NGSI-LD broker. Maybe server is down.
2021-07-27 11:39:49,608 - green_transport_twin - ERROR - Something went wrong connecting to the NGSI-LD broker. Maybe server is down.
2021-07-27 11:39:49,621 - green_transport_twin - ERROR - Something went wrong connecting to the NGSI-LD broker. Maybe server is down.
2021-07-27 11:39:55,603 - green_transport_twin - ERROR - Something went wrong connecting to the NGSI-LD broker. Maybe server is down.
2021-07-27 11:39:55,622 - green_transport_twin - ERROR - Something went wrong connecting to the NGSI-LD broker. Maybe server is down.
2021-07-27 11:39:55,636 - green_transport_twin - ERROR - Something went wrong connecting to the NGSI-LD broker. Maybe server is down.
2021-07-27 11:39:55,646 - green_transport_twin - ERROR - Something went wrong connecting to the NGSI-LD broker. Maybe server is down.
2021-07-27 11:39:55,663 - green_transport_twin - ERROR - Something went wrong connecting to the NGSI-LD broker. Maybe server is down.
2021-07-27 11:39:55,676 - green_transport_twin - ERROR - Something went wrong connecting to the NGSI-LD broker. Maybe server is down.
2021-07-27 11:39:55,728 - green_transport_twin - ERROR - Something went wrong connecting to the NGSI-LD broker. Maybe server is down.
2021-07-27 11:39:57,743 - green_transport_twin - ERROR - Something went wrong connecting to the NGSI-LD broker. Maybe server is down.
2021-07-27 11:39:57,766 - green_transport_twin - ERROR - Something went wrong connecting to the NGSI-LD broker. Maybe server is down.
2021-07-27 11:39:57,786 - green_transport_twin - ERROR - Something went wrong connecting to the NGSI-LD broker. Maybe server is down.
2021-07-27 11:39:57,795 - green_transport_twin - ERROR - Something went wrong connecting to the NGSI-LD broker. Maybe server is down.
2021-07-27 11:39:57,806 - green_transport_twin - ERROR - Something went wrong connecting to the NGSI-LD broker. Maybe server is down.
2021-07-27 11:39:57,822 - green_transport_twin - ERROR - Something went wrong connecting to the NGSI-LD broker. Maybe server is down.
2021-07-27 11:39:58,834 - green_transport_twin - ERROR - Something went wrong connecting to the NGSI-LD broker. Maybe server is down.
2021-07-27 11:39:58,849 - green_transport_twin - ERROR - Something went wrong connecting to the NGSI-LD broker. Maybe server is down.
2021-07-27 11:39:58,868 - green_transport_twin - ERROR - Something went wrong connecting to the NGSI-LD broker. Maybe server is down.
2021-07-27 11:39:58,888 - green_transport_twin - ERROR - Something went wrong connecting to the NGSI-LD broker. Maybe server is down.
2021-07-27 11:39:58,899 - green_transport_twin - ERROR - Something went wrong connecting to the NGSI-LD broker. Maybe server is down.
2021-07-27 11:39:58,911 - green_transport_twin - ERROR - Something went wrong connecting to the NGSI-LD broker. Maybe server is down.
2021-07-27 11:39:58,928 - green_transport_twin - ERROR - Something went wrong connecting to the NGSI-LD broker. Maybe server is down.
2021-07-27 11:39:58,941 - green_transport_twin - ERROR - Something went wrong connecting to the NGSI-LD broker. Maybe server is down.
2021-07-27 11:39:58,955 - green_transport_twin - ERROR - Something went wrong connecting to the NGSI-LD broker. Maybe server is down.
2021-07-27 11:39:58,967 - green_transport_twin - ERROR - Something went wrong connecting to the NGSI-LD broker. Maybe server is down.
2021-07-27 11:39:58,986 - green_transport_twin - ERROR - Something went wrong connecting to the NGSI-LD broker. Maybe server is down.
2021-07-27 11:40:04,003 - green_transport_twin - ERROR - Something went wrong connecting to the NGSI-LD broker. Maybe server is down.
2021-07-27 11:40:04,015 - green_transport_twin - ERROR - Something went wrong connecting to the NGSI-LD broker. Maybe server is down.
2021-07-27 11:40:04,028 - green_transport_twin - ERROR - Something went wrong connecting to the NGSI-LD broker. Maybe server is down.
2021-07-27 11:40:04,040 - green_transport_twin - ERROR - Something went wrong connecting to the NGSI-LD broker. Maybe server is down.
2021-07-27 11:40:04,050 - green_transport_twin - ERROR - Something went wrong connecting to the NGSI-LD broker. Maybe server is down.
2021-07-27 11:40:04,060 - green_transport_twin - ERROR - Something went wrong connecting to the NGSI-LD broker. Maybe server is down.
2021-07-27 11:40:04,068 - green_transport_twin - ERROR - Something went wrong connecting to the NGSI-LD broker. Maybe server is down.
2021-07-27 11:40:04,074 - green_transport_twin - ERROR - Something went wrong connecting to the NGSI-LD broker. Maybe server is down.
2021-07-27 11:40:04,084 - green_transport_twin - ERROR - Something went wrong connecting to the NGSI-LD broker. Maybe server is down.
2021-07-27 11:40:04,098 - green_transport_twin - ERROR - Something went wrong connecting to the NGSI-LD broker. Maybe server is down.
2021-07-27 11:40:04,115 - green_transport_twin - ERROR - Something went wrong connecting to the NGSI-LD broker. Maybe server is down.
2021-07-27 11:40:08,131 - green_transport_twin - ERROR - Something went wrong connecting to the NGSI-LD broker. Maybe server is down.
2021-07-27 11:40:08,149 - green_transport_twin - ERROR - Something went wrong connecting to the NGSI-LD broker. Maybe server is down.
2021-07-27 11:40:08,160 - green_transport_twin - ERROR - Something went wrong connecting to the NGSI-LD broker. Maybe server is down.
2021-07-27 11:40:08,181 - green_transport_twin - ERROR - Something went wrong connecting to the NGSI-LD broker. Maybe server is down.
2021-07-27 11:40:08,204 - green_transport_twin - ERROR - Something went wrong connecting to the NGSI-LD broker. Maybe server is down.
2021-07-27 11:40:08,217 - green_transport_twin - ERROR - Something went wrong connecting to the NGSI-LD broker. Maybe server is down.
2021-07-27 11:40:08,230 - green_transport_twin - ERROR - Something went wrong connecting to the NGSI-LD broker. Maybe server is down.
2021-07-27 11:40:08,242 - green_transport_twin - ERROR - Something went wrong connecting to the NGSI-LD broker. Maybe server is down.
2021-07-27 11:40:08,255 - green_transport_twin - ERROR - Something went wrong connecting to the NGSI-LD broker. Maybe server is down.
2021-07-27 11:40:08,267 - green_transport_twin - ERROR - Something went wrong connecting to the NGSI-LD broker. Maybe server is down.
2021-07-27 11:40:08,276 - green_transport_twin - ERROR - Something went wrong connecting to the NGSI-LD broker. Maybe server is down.
2021-07-27 11:40:08,285 - green_transport_twin - ERROR - Something went wrong connecting to the NGSI-LD broker. Maybe server is down.
2021-07-27 11:40:08,296 - green_transport_twin - ERROR - Something went wrong connecting to the NGSI-LD broker. Maybe server is down.
2021-07-27 11:40:08,310 - green_transport_twin - ERROR - Something went wrong connecting to the NGSI-LD broker. Maybe server is down.
2021-07-27 11:40:17,325 - green_transport_twin - ERROR - Something went wrong connecting to the NGSI-LD broker. Maybe server is down.
2021-07-27 11:40:17,331 - green_transport_twin - ERROR - Something went wrong connecting to the NGSI-LD broker. Maybe server is down.
2021-07-27 11:40:17,338 - green_transport_twin - ERROR - Something went wrong connecting to the NGSI-LD broker. Maybe server is down.
2021-07-27 11:40:17,353 - green_transport_twin - ERROR - Something went wrong connecting to the NGSI-LD broker. Maybe server is down.
2021-07-27 11:40:17,387 - green_transport_twin - ERROR - Something went wrong connecting to the NGSI-LD broker. Maybe server is down.
2021-07-27 11:40:17,415 - green_transport_twin - ERROR - Something went wrong connecting to the NGSI-LD broker. Maybe server is down.
2021-07-27 11:40:17,430 - green_transport_twin - ERROR - Something went wrong connecting to the NGSI-LD broker. Maybe server is down.
2021-07-27 11:40:17,444 - green_transport_twin - ERROR - Something went wrong connecting to the NGSI-LD broker. Maybe server is down.
2021-07-27 11:40:17,460 - green_transport_twin - ERROR - Something went wrong connecting to the NGSI-LD broker. Maybe server is down.
2021-07-27 11:40:18,491 - green_transport_twin - ERROR - Something went wrong connecting to the NGSI-LD broker. Maybe server is down.
2021-07-27 11:40:18,502 - green_transport_twin - ERROR - Something went wrong connecting to the NGSI-LD broker. Maybe server is down.
2021-07-27 11:40:18,514 - green_transport_twin - ERROR - Something went wrong connecting to the NGSI-LD broker. Maybe server is down.
2021-07-27 11:40:18,521 - green_transport_twin - ERROR - Something went wrong connecting to the NGSI-LD broker. Maybe server is down.
2021-07-27 11:40:18,529 - green_transport_twin - ERROR - Something went wrong connecting to the NGSI-LD broker. Maybe server is down.
2021-07-27 11:40:18,534 - green_transport_twin - ERROR - Something went wrong connecting to the NGSI-LD broker. Maybe server is down.
2021-07-27 11:40:18,541 - green_transport_twin - ERROR - Something went wrong connecting to the NGSI-LD broker. Maybe server is down.
2021-07-27 11:40:18,548 - green_transport_twin - ERROR - Something went wrong connecting to the NGSI-LD broker. Maybe server is down.
2021-07-27 11:40:18,558 - green_transport_twin - ERROR - Something went wrong connecting to the NGSI-LD broker. Maybe server is down.
2021-07-27 11:40:18,570 - green_transport_twin - ERROR - Something went wrong connecting to the NGSI-LD broker. Maybe server is down.
2021-07-27 11:40:32,352 - green_transport_twin - WARNING - Request failed 500 {"timestamp":"2021-07-27T11:40:32.133+0000","status":500,"error":"Internal Server Error","message":"GENERAL"}
2021-07-27 11:40:32,452 - green_transport_twin - WARNING - Request failed 500 {"timestamp":"2021-07-27T11:40:32.431+0000","status":500,"error":"Internal Server Error","message":"GENERAL"}
2021-07-27 11:40:32,555 - green_transport_twin - WARNING - Request failed 500 {"timestamp":"2021-07-27T11:40:32.530+0000","status":500,"error":"Internal Server Error","message":"GENERAL"}
2021-07-27 11:40:32,622 - green_transport_twin - WARNING - Request failed 500 {"timestamp":"2021-07-27T11:40:32.610+0000","status":500,"error":"Internal Server Error","message":"GENERAL"}
2021-07-27 11:40:32,692 - green_transport_twin - WARNING - Request failed 500 {"timestamp":"2021-07-27T11:40:32.672+0000","status":500,"error":"Internal Server Error","message":"GENERAL"}
2021-07-27 11:40:32,744 - green_transport_twin - WARNING - Request failed 500 {"timestamp":"2021-07-27T11:40:32.725+0000","status":500,"error":"Internal Server Error","message":"GENERAL"}
2021-07-27 11:40:32,797 - green_transport_twin - WARNING - Request failed 500 {"timestamp":"2021-07-27T11:40:32.773+0000","status":500,"error":"Internal Server Error","message":"GENERAL"}
2021-07-27 11:40:38,915 - green_transport_twin - WARNING - Request failed 500 {"timestamp":"2021-07-27T11:40:38.862+0000","status":500,"error":"Internal Server Error","message":"GENERAL"}
2021-07-27 11:40:39,029 - green_transport_twin - WARNING - Request failed 500 {"timestamp":"2021-07-27T11:40:39.008+0000","status":500,"error":"Internal Server Error","message":"GENERAL"}
2021-07-27 11:40:39,103 - green_transport_twin - WARNING - Request failed 500 {"timestamp":"2021-07-27T11:40:39.099+0000","status":500,"error":"Internal Server Error","message":"GENERAL"}
2021-07-27 11:40:39,148 - green_transport_twin - WARNING - Request failed 500 {"timestamp":"2021-07-27T11:40:39.130+0000","status":500,"error":"Internal Server Error","message":"GENERAL"}
2021-07-27 11:40:39,179 - green_transport_twin - WARNING - Request failed 500 {"timestamp":"2021-07-27T11:40:39.172+0000","status":500,"error":"Internal Server Error","message":"GENERAL"}
2021-07-27 11:40:39,209 - green_transport_twin - WARNING - Request failed 500 {"timestamp":"2021-07-27T11:40:39.203+0000","status":500,"error":"Internal Server Error","message":"GENERAL"}
2021-07-27 11:40:41,240 - green_transport_twin - WARNING - Request failed 500 {"timestamp":"2021-07-27T11:40:41.227+0000","status":500,"error":"Internal Server Error","message":"GENERAL"}
2021-07-27 11:40:41,274 - green_transport_twin - WARNING - Request failed 500 {"timestamp":"2021-07-27T11:40:41.270+0000","status":500,"error":"Internal Server Error","message":"GENERAL"}
2021-07-27 11:40:41,306 - green_transport_twin - WARNING - Request failed 500 {"timestamp":"2021-07-27T11:40:41.302+0000","status":500,"error":"Internal Server Error","message":"GENERAL"}
2021-07-27 11:40:41,351 - green_transport_twin - WARNING - Request failed 500 {"timestamp":"2021-07-27T11:40:41.346+0000","status":500,"error":"Internal Server Error","message":"GENERAL"}
2021-07-27 11:40:41,376 - green_transport_twin - WARNING - Request failed 500 {"timestamp":"2021-07-27T11:40:41.372+0000","status":500,"error":"Internal Server Error","message":"GENERAL"}
2021-07-27 11:40:41,412 - green_transport_twin - WARNING - Request failed 500 {"timestamp":"2021-07-27T11:40:41.405+0000","status":500,"error":"Internal Server Error","message":"GENERAL"}
2021-07-27 11:40:41,456 - green_transport_twin - WARNING - Request failed 500 {"timestamp":"2021-07-27T11:40:41.450+0000","status":500,"error":"Internal Server Error","message":"GENERAL"}
2021-07-27 11:40:41,488 - green_transport_twin - WARNING - Request failed 500 {"timestamp":"2021-07-27T11:40:41.481+0000","status":500,"error":"Internal Server Error","message":"GENERAL"}
2021-07-27 11:40:41,533 - green_transport_twin - WARNING - Request failed 500 {"timestamp":"2021-07-27T11:40:41.528+0000","status":500,"error":"Internal Server Error","message":"GENERAL"}
2021-07-27 11:40:41,572 - green_transport_twin - WARNING - Request failed 500 {"timestamp":"2021-07-27T11:40:41.568+0000","status":500,"error":"Internal Server Error","message":"GENERAL"}
2021-07-27 11:40:41,607 - green_transport_twin - WARNING - Request failed 500 {"timestamp":"2021-07-27T11:40:41.598+0000","status":500,"error":"Internal Server Error","message":"GENERAL"}
2021-07-27 11:40:45,639 - green_transport_twin - WARNING - Request failed 500 {"timestamp":"2021-07-27T11:40:45.634+0000","status":500,"error":"Internal Server Error","message":"GENERAL"}
2021-07-27 11:40:45,684 - green_transport_twin - WARNING - Request failed 500 {"timestamp":"2021-07-27T11:40:45.675+0000","status":500,"error":"Internal Server Error","message":"GENERAL"}
2021-07-27 11:40:45,726 - green_transport_twin - WARNING - Request failed 500 {"timestamp":"2021-07-27T11:40:45.722+0000","status":500,"error":"Internal Server Error","message":"GENERAL"}
2021-07-27 11:40:45,753 - green_transport_twin - WARNING - Request failed 500 {"timestamp":"2021-07-27T11:40:45.745+0000","status":500,"error":"Internal Server Error","message":"GENERAL"}
2021-07-27 11:40:45,787 - green_transport_twin - WARNING - Request failed 500 {"timestamp":"2021-07-27T11:40:45.780+0000","status":500,"error":"Internal Server Error","message":"GENERAL"}
2021-07-27 11:40:54,838 - green_transport_twin - WARNING - Request failed 500 {"timestamp":"2021-07-27T11:40:54.826+0000","status":500,"error":"Internal Server Error","message":"GENERAL"}
2021-07-27 11:40:54,885 - green_transport_twin - WARNING - Request failed 500 {"timestamp":"2021-07-27T11:40:54.866+0000","status":500,"error":"Internal Server Error","message":"GENERAL"}
2021-07-27 11:40:54,922 - green_transport_twin - WARNING - Request failed 500 {"timestamp":"2021-07-27T11:40:54.911+0000","status":500,"error":"Internal Server Error","message":"GENERAL"}
2021-07-27 11:40:54,965 - green_transport_twin - WARNING - Request failed 500 {"timestamp":"2021-07-27T11:40:54.957+0000","status":500,"error":"Internal Server Error","message":"GENERAL"}
2021-07-27 11:40:55,004 - green_transport_twin - WARNING - Request failed 500 {"timestamp":"2021-07-27T11:40:55.001+0000","status":500,"error":"Internal Server Error","message":"GENERAL"}
2021-07-27 11:40:58,035 - green_transport_twin - WARNING - Request failed 500 {"timestamp":"2021-07-27T11:40:58.028+0000","status":500,"error":"Internal Server Error","message":"GENERAL"}
2021-07-27 11:40:58,076 - green_transport_twin - WARNING - Request failed 500 {"timestamp":"2021-07-27T11:40:58.060+0000","status":500,"error":"Internal Server Error","message":"GENERAL"}
2021-07-27 11:40:58,121 - green_transport_twin - WARNING - Request failed 500 {"timestamp":"2021-07-27T11:40:58.117+0000","status":500,"error":"Internal Server Error","message":"GENERAL"}
2021-07-27 11:40:58,160 - green_transport_twin - WARNING - Request failed 500 {"timestamp":"2021-07-27T11:40:58.147+0000","status":500,"error":"Internal Server Error","message":"GENERAL"}
2021-07-27 11:40:58,207 - green_transport_twin - WARNING - Request failed 500 {"timestamp":"2021-07-27T11:40:58.193+0000","status":500,"error":"Internal Server Error","message":"GENERAL"}
2021-07-27 11:40:58,236 - green_transport_twin - WARNING - Request failed 500 {"timestamp":"2021-07-27T11:40:58.232+0000","status":500,"error":"Internal Server Error","message":"GENERAL"}
2021-07-27 11:40:58,260 - green_transport_twin - WARNING - Request failed 500 {"timestamp":"2021-07-27T11:40:58.257+0000","status":500,"error":"Internal Server Error","message":"GENERAL"}
2021-07-27 11:40:58,301 - green_transport_twin - WARNING - Request failed 500 {"timestamp":"2021-07-27T11:40:58.298+0000","status":500,"error":"Internal Server Error","message":"GENERAL"}
2021-07-27 11:40:58,323 - green_transport_twin - WARNING - Request failed 500 {"timestamp":"2021-07-27T11:40:58.316+0000","status":500,"error":"Internal Server Error","message":"GENERAL"}
2021-07-27 11:40:58,351 - green_transport_twin - WARNING - Request failed 500 {"timestamp":"2021-07-27T11:40:58.347+0000","status":500,"error":"Internal Server Error","message":"GENERAL"}
2021-07-27 11:40:58,381 - green_transport_twin - WARNING - Request failed 500 {"timestamp":"2021-07-27T11:40:58.375+0000","status":500,"error":"Internal Server Error","message":"GENERAL"}
2021-07-27 11:40:58,416 - green_transport_twin - WARNING - Request failed 500 {"timestamp":"2021-07-27T11:40:58.413+0000","status":500,"error":"Internal Server Error","message":"GENERAL"}
2021-07-27 11:40:58,444 - green_transport_twin - WARNING - Request failed 500 {"timestamp":"2021-07-27T11:40:58.438+0000","status":500,"error":"Internal Server Error","message":"GENERAL"}
2021-07-27 11:40:58,473 - green_transport_twin - WARNING - Request failed 500 {"timestamp":"2021-07-27T11:40:58.469+0000","status":500,"error":"Internal Server Error","message":"GENERAL"}
2021-07-27 11:40:58,514 - green_transport_twin - WARNING - Request failed 500 {"timestamp":"2021-07-27T11:40:58.505+0000","status":500,"error":"Internal Server Error","message":"GENERAL"}
2021-07-27 11:40:58,545 - green_transport_twin - WARNING - Request failed 500 {"timestamp":"2021-07-27T11:40:58.537+0000","status":500,"error":"Internal Server Error","message":"GENERAL"}
2021-07-27 11:41:03,605 - green_transport_twin - WARNING - Request failed 500 {"timestamp":"2021-07-27T11:41:03.586+0000","status":500,"error":"Internal Server Error","message":"SHORTCIRCUIT"}
2021-07-27 11:41:03,653 - green_transport_twin - WARNING - Request failed 500 {"timestamp":"2021-07-27T11:41:03.641+0000","status":500,"error":"Internal Server Error","message":"SHORTCIRCUIT"}
2021-07-27 11:41:03,679 - green_transport_twin - WARNING - Request failed 500 {"timestamp":"2021-07-27T11:41:03.675+0000","status":500,"error":"Internal Server Error","message":"SHORTCIRCUIT"}
2021-07-27 11:41:03,780 - green_transport_twin - WARNING - Request failed 500 {"timestamp":"2021-07-27T11:41:03.773+0000","status":500,"error":"Internal Server Error","message":"SHORTCIRCUIT"}
2021-07-27 11:41:03,858 - green_transport_twin - WARNING - Request failed 500 {"timestamp":"2021-07-27T11:41:03.830+0000","status":500,"error":"Internal Server Error","message":"SHORTCIRCUIT"}
2021-07-27 11:41:03,899 - green_transport_twin - WARNING - Request failed 500 {"timestamp":"2021-07-27T11:41:03.885+0000","status":500,"error":"Internal Server Error","message":"SHORTCIRCUIT"}
2021-07-27 11:41:03,942 - green_transport_twin - WARNING - Request failed 500 {"timestamp":"2021-07-27T11:41:03.934+0000","status":500,"error":"Internal Server Error","message":"SHORTCIRCUIT"}
2021-07-27 11:41:04,006 - green_transport_twin - WARNING - Request failed 500 {"timestamp":"2021-07-27T11:41:03.994+0000","status":500,"error":"Internal Server Error","message":"SHORTCIRCUIT"}
2021-07-27 11:41:04,036 - green_transport_twin - WARNING - Request failed 500 {"timestamp":"2021-07-27T11:41:04.031+0000","status":500,"error":"Internal Server Error","message":"SHORTCIRCUIT"}
2021-07-27 11:41:04,117 - green_transport_twin - WARNING - Request failed 500 {"timestamp":"2021-07-27T11:41:04.108+0000","status":500,"error":"Internal Server Error","message":"SHORTCIRCUIT"}
2021-07-27 11:41:04,154 - green_transport_twin - WARNING - Request failed 500 {"timestamp":"2021-07-27T11:41:04.146+0000","status":500,"error":"Internal Server Error","message":"SHORTCIRCUIT"}
2021-07-27 11:41:13,185 - green_transport_twin - WARNING - Request failed 500 {"timestamp":"2021-07-27T11:41:13.180+0000","status":500,"error":"Internal Server Error","message":"GENERAL"}
2021-07-27 11:41:13,225 - green_transport_twin - WARNING - Request failed 500 {"timestamp":"2021-07-27T11:41:13.211+0000","status":500,"error":"Internal Server Error","message":"SHORTCIRCUIT"}
2021-07-27 11:41:13,289 - green_transport_twin - WARNING - Request failed 500 {"timestamp":"2021-07-27T11:41:13.272+0000","status":500,"error":"Internal Server Error","message":"SHORTCIRCUIT"}
2021-07-27 11:41:13,325 - green_transport_twin - WARNING - Request failed 500 {"timestamp":"2021-07-27T11:41:13.322+0000","status":500,"error":"Internal Server Error","message":"SHORTCIRCUIT"}
2021-07-27 11:41:15,169 - green_transport_twin - INFO - Shutting down...
2021-07-28 08:56:19,694 - green_transport_twin - INFO - Logs Folder: ./
2021-07-28 08:56:19,697 - green_transport_twin - INFO - Green Transport Twin Created
2021-07-28 08:56:19,699 - green_transport_twin - INFO - Broker URL: http://scorpio:9090
2021-07-28 08:56:19,701 - green_transport_twin - INFO - Poll Intervall: 900
2021-07-28 08:56:19,704 - green_transport_twin - INFO - Simulate vehicle data: True
2021-07-28 08:56:19,839 - green_transport_twin - ERROR - Something went wrong connecting to the NGSI-LD broker. Maybe server is down.
2021-07-28 08:56:19,856 - green_transport_twin - ERROR - Something went wrong connecting to the NGSI-LD broker. Maybe server is down.
2021-07-28 08:56:19,880 - green_transport_twin - ERROR - Something went wrong connecting to the NGSI-LD broker. Maybe server is down.
2021-07-28 08:56:19,900 - green_transport_twin - ERROR - Something went wrong connecting to the NGSI-LD broker. Maybe server is down.
2021-07-28 08:56:19,914 - green_transport_twin - ERROR - Something went wrong connecting to the NGSI-LD broker. Maybe server is down.
2021-07-28 08:56:19,930 - green_transport_twin - ERROR - Something went wrong connecting to the NGSI-LD broker. Maybe server is down.
2021-07-28 08:56:19,940 - green_transport_twin - ERROR - Something went wrong connecting to the NGSI-LD broker. Maybe server is down.
2021-07-28 08:56:19,952 - green_transport_twin - ERROR - Something went wrong connecting to the NGSI-LD broker. Maybe server is down.
2021-07-28 08:56:19,968 - green_transport_twin - ERROR - Something went wrong connecting to the NGSI-LD broker. Maybe server is down.
2021-07-28 08:56:19,984 - green_transport_twin - ERROR - Something went wrong connecting to the NGSI-LD broker. Maybe server is down.
2021-07-28 08:56:20,003 - green_transport_twin - ERROR - Something went wrong connecting to the NGSI-LD broker. Maybe server is down.
2021-07-28 08:56:20,024 - green_transport_twin - ERROR - Something went wrong connecting to the NGSI-LD broker. Maybe server is down.
2021-07-28 08:56:20,045 - green_transport_twin - ERROR - Something went wrong connecting to the NGSI-LD broker. Maybe server is down.
2021-07-28 08:56:20,067 - green_transport_twin - ERROR - Something went wrong connecting to the NGSI-LD broker. Maybe server is down.
2021-07-28 08:56:25,058 - green_transport_twin - ERROR - Something went wrong connecting to the NGSI-LD broker. Maybe server is down.
2021-07-28 08:56:25,070 - green_transport_twin - ERROR - Something went wrong connecting to the NGSI-LD broker. Maybe server is down.
2021-07-28 08:56:25,085 - green_transport_twin - ERROR - Something went wrong connecting to the NGSI-LD broker. Maybe server is down.
2021-07-28 08:56:25,098 - green_transport_twin - ERROR - Something went wrong connecting to the NGSI-LD broker. Maybe server is down.
2021-07-28 08:56:25,108 - green_transport_twin - ERROR - Something went wrong connecting to the NGSI-LD broker. Maybe server is down.
2021-07-28 08:56:25,121 - green_transport_twin - ERROR - Something went wrong connecting to the NGSI-LD broker. Maybe server is down.
2021-07-28 08:56:28,134 - green_transport_twin - ERROR - Something went wrong connecting to the NGSI-LD broker. Maybe server is down.
2021-07-28 08:56:28,143 - green_transport_twin - ERROR - Something went wrong connecting to the NGSI-LD broker. Maybe server is down.
2021-07-28 08:56:28,152 - green_transport_twin - ERROR - Something went wrong connecting to the NGSI-LD broker. Maybe server is down.
2021-07-28 08:56:28,166 - green_transport_twin - ERROR - Something went wrong connecting to the NGSI-LD broker. Maybe server is down.
2021-07-28 08:56:28,182 - green_transport_twin - ERROR - Something went wrong connecting to the NGSI-LD broker. Maybe server is down.
2021-07-28 08:56:28,197 - green_transport_twin - ERROR - Something went wrong connecting to the NGSI-LD broker. Maybe server is down.
2021-07-28 08:56:28,218 - green_transport_twin - ERROR - Something went wrong connecting to the NGSI-LD broker. Maybe server is down.
2021-07-28 08:56:28,231 - green_transport_twin - ERROR - Something went wrong connecting to the NGSI-LD broker. Maybe server is down.
2021-07-28 08:56:28,239 - green_transport_twin - ERROR - Something went wrong connecting to the NGSI-LD broker. Maybe server is down.
2021-07-28 08:56:28,249 - green_transport_twin - ERROR - Something went wrong connecting to the NGSI-LD broker. Maybe server is down.
2021-07-28 08:56:28,260 - green_transport_twin - ERROR - Something went wrong connecting to the NGSI-LD broker. Maybe server is down.
2021-07-28 08:56:28,277 - green_transport_twin - ERROR - Something went wrong connecting to the NGSI-LD broker. Maybe server is down.
2021-07-28 08:56:28,290 - green_transport_twin - ERROR - Something went wrong connecting to the NGSI-LD broker. Maybe server is down.
2021-07-28 08:56:35,308 - green_transport_twin - ERROR - Something went wrong connecting to the NGSI-LD broker. Maybe server is down.
2021-07-28 08:56:35,321 - green_transport_twin - ERROR - Something went wrong connecting to the NGSI-LD broker. Maybe server is down.
2021-07-28 08:56:35,333 - green_transport_twin - ERROR - Something went wrong connecting to the NGSI-LD broker. Maybe server is down.
2021-07-28 08:56:35,345 - green_transport_twin - ERROR - Something went wrong connecting to the NGSI-LD broker. Maybe server is down.
2021-07-28 08:56:35,358 - green_transport_twin - ERROR - Something went wrong connecting to the NGSI-LD broker. Maybe server is down.
2021-07-28 08:56:35,380 - green_transport_twin - ERROR - Something went wrong connecting to the NGSI-LD broker. Maybe server is down.
2021-07-28 08:56:35,393 - green_transport_twin - ERROR - Something went wrong connecting to the NGSI-LD broker. Maybe server is down.
2021-07-28 08:56:35,408 - green_transport_twin - ERROR - Something went wrong connecting to the NGSI-LD broker. Maybe server is down.
2021-07-28 08:56:35,423 - green_transport_twin - ERROR - Something went wrong connecting to the NGSI-LD broker. Maybe server is down.
2021-07-28 08:56:35,435 - green_transport_twin - ERROR - Something went wrong connecting to the NGSI-LD broker. Maybe server is down.
2021-07-28 08:56:35,450 - green_transport_twin - ERROR - Something went wrong connecting to the NGSI-LD broker. Maybe server is down.
2021-07-28 08:56:44,471 - green_transport_twin - ERROR - Something went wrong connecting to the NGSI-LD broker. Maybe server is down.
2021-07-28 08:56:44,482 - green_transport_twin - ERROR - Something went wrong connecting to the NGSI-LD broker. Maybe server is down.
2021-07-28 08:56:44,494 - green_transport_twin - ERROR - Something went wrong connecting to the NGSI-LD broker. Maybe server is down.
2021-07-28 08:56:44,506 - green_transport_twin - ERROR - Something went wrong connecting to the NGSI-LD broker. Maybe server is down.
2021-07-28 08:56:44,517 - green_transport_twin - ERROR - Something went wrong connecting to the NGSI-LD broker. Maybe server is down.
2021-07-28 08:56:44,529 - green_transport_twin - ERROR - Something went wrong connecting to the NGSI-LD broker. Maybe server is down.
2021-07-28 08:56:44,545 - green_transport_twin - ERROR - Something went wrong connecting to the NGSI-LD broker. Maybe server is down.
2021-07-28 08:56:44,563 - green_transport_twin - ERROR - Something went wrong connecting to the NGSI-LD broker. Maybe server is down.
2021-07-28 08:56:44,576 - green_transport_twin - ERROR - Something went wrong connecting to the NGSI-LD broker. Maybe server is down.
2021-07-28 08:56:44,587 - green_transport_twin - ERROR - Something went wrong connecting to the NGSI-LD broker. Maybe server is down.
2021-07-28 08:56:44,601 - green_transport_twin - ERROR - Something went wrong connecting to the NGSI-LD broker. Maybe server is down.
2021-07-28 08:56:44,614 - green_transport_twin - ERROR - Something went wrong connecting to the NGSI-LD broker. Maybe server is down.
2021-07-28 08:56:44,629 - green_transport_twin - ERROR - Something went wrong connecting to the NGSI-LD broker. Maybe server is down.
2021-07-28 08:56:44,640 - green_transport_twin - ERROR - Something went wrong connecting to the NGSI-LD broker. Maybe server is down.
2021-07-28 08:56:49,659 - green_transport_twin - ERROR - Something went wrong connecting to the NGSI-LD broker. Maybe server is down.
2021-07-28 08:56:49,675 - green_transport_twin - ERROR - Something went wrong connecting to the NGSI-LD broker. Maybe server is down.
2021-07-28 08:56:49,695 - green_transport_twin - ERROR - Something went wrong connecting to the NGSI-LD broker. Maybe server is down.
2021-07-28 08:56:49,707 - green_transport_twin - ERROR - Something went wrong connecting to the NGSI-LD broker. Maybe server is down.
2021-07-28 08:56:49,719 - green_transport_twin - ERROR - Something went wrong connecting to the NGSI-LD broker. Maybe server is down.
2021-07-28 08:56:49,731 - green_transport_twin - ERROR - Something went wrong connecting to the NGSI-LD broker. Maybe server is down.
2021-07-28 08:56:52,715 - green_transport_twin - ERROR - Something went wrong connecting to the NGSI-LD broker. Maybe server is down.
2021-07-28 08:56:52,726 - green_transport_twin - ERROR - Something went wrong connecting to the NGSI-LD broker. Maybe server is down.
2021-07-28 08:56:52,736 - green_transport_twin - ERROR - Something went wrong connecting to the NGSI-LD broker. Maybe server is down.
2021-07-28 08:56:52,747 - green_transport_twin - ERROR - Something went wrong connecting to the NGSI-LD broker. Maybe server is down.
2021-07-28 08:56:52,758 - green_transport_twin - ERROR - Something went wrong connecting to the NGSI-LD broker. Maybe server is down.
2021-07-28 08:56:52,766 - green_transport_twin - ERROR - Something went wrong connecting to the NGSI-LD broker. Maybe server is down.
2021-07-28 08:56:52,776 - green_transport_twin - ERROR - Something went wrong connecting to the NGSI-LD broker. Maybe server is down.
2021-07-28 08:56:52,786 - green_transport_twin - ERROR - Something went wrong connecting to the NGSI-LD broker. Maybe server is down.
2021-07-28 08:56:52,795 - green_transport_twin - ERROR - Something went wrong connecting to the NGSI-LD broker. Maybe server is down.
2021-07-28 08:56:52,804 - green_transport_twin - ERROR - Something went wrong connecting to the NGSI-LD broker. Maybe server is down.
2021-07-28 08:57:00,824 - green_transport_twin - ERROR - Something went wrong connecting to the NGSI-LD broker. Maybe server is down.
2021-07-28 08:57:00,838 - green_transport_twin - ERROR - Something went wrong connecting to the NGSI-LD broker. Maybe server is down.
2021-07-28 08:57:00,856 - green_transport_twin - ERROR - Something went wrong connecting to the NGSI-LD broker. Maybe server is down.
2021-07-28 08:57:00,869 - green_transport_twin - ERROR - Something went wrong connecting to the NGSI-LD broker. Maybe server is down.
2021-07-28 08:57:00,880 - green_transport_twin - ERROR - Something went wrong connecting to the NGSI-LD broker. Maybe server is down.
2021-07-28 08:57:00,902 - green_transport_twin - ERROR - Something went wrong connecting to the NGSI-LD broker. Maybe server is down.
2021-07-28 08:57:00,920 - green_transport_twin - ERROR - Something went wrong connecting to the NGSI-LD broker. Maybe server is down.
2021-07-28 08:57:00,939 - green_transport_twin - ERROR - Something went wrong connecting to the NGSI-LD broker. Maybe server is down.
2021-07-28 08:57:06,958 - green_transport_twin - ERROR - Something went wrong connecting to the NGSI-LD broker. Maybe server is down.
2021-07-28 08:57:06,967 - green_transport_twin - ERROR - Something went wrong connecting to the NGSI-LD broker. Maybe server is down.
2021-07-28 08:57:06,982 - green_transport_twin - ERROR - Something went wrong connecting to the NGSI-LD broker. Maybe server is down.
2021-07-28 08:57:06,995 - green_transport_twin - ERROR - Something went wrong connecting to the NGSI-LD broker. Maybe server is down.
2021-07-28 08:57:07,006 - green_transport_twin - ERROR - Something went wrong connecting to the NGSI-LD broker. Maybe server is down.
2021-07-28 08:57:07,018 - green_transport_twin - ERROR - Something went wrong connecting to the NGSI-LD broker. Maybe server is down.
2021-07-28 08:57:07,028 - green_transport_twin - ERROR - Something went wrong connecting to the NGSI-LD broker. Maybe server is down.
2021-07-28 08:57:07,038 - green_transport_twin - ERROR - Something went wrong connecting to the NGSI-LD broker. Maybe server is down.
2021-07-28 08:57:07,047 - green_transport_twin - ERROR - Something went wrong connecting to the NGSI-LD broker. Maybe server is down.
2021-07-28 08:57:16,065 - green_transport_twin - ERROR - Something went wrong connecting to the NGSI-LD broker. Maybe server is down.
2021-07-28 08:57:16,077 - green_transport_twin - ERROR - Something went wrong connecting to the NGSI-LD broker. Maybe server is down.
2021-07-28 08:57:16,087 - green_transport_twin - ERROR - Something went wrong connecting to the NGSI-LD broker. Maybe server is down.
2021-07-28 08:57:16,097 - green_transport_twin - ERROR - Something went wrong connecting to the NGSI-LD broker. Maybe server is down.
2021-07-28 08:57:16,108 - green_transport_twin - ERROR - Something went wrong connecting to the NGSI-LD broker. Maybe server is down.
2021-07-28 08:57:16,117 - green_transport_twin - ERROR - Something went wrong connecting to the NGSI-LD broker. Maybe server is down.
2021-07-28 08:57:16,126 - green_transport_twin - ERROR - Something went wrong connecting to the NGSI-LD broker. Maybe server is down.
2021-07-28 08:57:16,135 - green_transport_twin - ERROR - Something went wrong connecting to the NGSI-LD broker. Maybe server is down.
2021-07-28 08:57:16,145 - green_transport_twin - ERROR - Something went wrong connecting to the NGSI-LD broker. Maybe server is down.
2021-07-28 08:57:18,158 - green_transport_twin - ERROR - Something went wrong connecting to the NGSI-LD broker. Maybe server is down.
2021-07-28 08:57:18,170 - green_transport_twin - ERROR - Something went wrong connecting to the NGSI-LD broker. Maybe server is down.
2021-07-28 08:57:18,179 - green_transport_twin - ERROR - Something went wrong connecting to the NGSI-LD broker. Maybe server is down.
2021-07-28 08:57:18,188 - green_transport_twin - ERROR - Something went wrong connecting to the NGSI-LD broker. Maybe server is down.
2021-07-28 08:57:18,198 - green_transport_twin - ERROR - Something went wrong connecting to the NGSI-LD broker. Maybe server is down.
2021-07-28 08:57:18,210 - green_transport_twin - ERROR - Something went wrong connecting to the NGSI-LD broker. Maybe server is down.
2021-07-28 08:57:18,220 - green_transport_twin - ERROR - Something went wrong connecting to the NGSI-LD broker. Maybe server is down.
2021-07-28 08:57:18,232 - green_transport_twin - ERROR - Something went wrong connecting to the NGSI-LD broker. Maybe server is down.
2021-07-28 08:57:19,811 - green_transport_twin - INFO - Shutting down...
2021-07-28 08:58:20,661 - green_transport_twin - INFO - Logs Folder: ./
2021-07-28 08:58:20,662 - green_transport_twin - INFO - Green Transport Twin Created
2021-07-28 08:58:20,664 - green_transport_twin - INFO - Broker URL: http://scorpio:9090
2021-07-28 08:58:20,665 - green_transport_twin - INFO - Poll Intervall: 900
2021-07-28 08:58:20,666 - green_transport_twin - INFO - Simulate vehicle data: True
2021-07-28 08:58:20,736 - green_transport_twin - ERROR - Something went wrong connecting to the NGSI-LD broker. Maybe server is down.
2021-07-28 08:58:20,753 - green_transport_twin - ERROR - Something went wrong connecting to the NGSI-LD broker. Maybe server is down.
2021-07-28 08:58:20,765 - green_transport_twin - ERROR - Something went wrong connecting to the NGSI-LD broker. Maybe server is down.
2021-07-28 08:58:20,777 - green_transport_twin - ERROR - Something went wrong connecting to the NGSI-LD broker. Maybe server is down.
2021-07-28 08:58:20,794 - green_transport_twin - ERROR - Something went wrong connecting to the NGSI-LD broker. Maybe server is down.
2021-07-28 08:58:20,805 - green_transport_twin - ERROR - Something went wrong connecting to the NGSI-LD broker. Maybe server is down.
2021-07-28 08:58:20,820 - green_transport_twin - ERROR - Something went wrong connecting to the NGSI-LD broker. Maybe server is down.
2021-07-28 08:58:20,829 - green_transport_twin - ERROR - Something went wrong connecting to the NGSI-LD broker. Maybe server is down.
2021-07-28 08:58:20,839 - green_transport_twin - ERROR - Something went wrong connecting to the NGSI-LD broker. Maybe server is down.
2021-07-28 08:58:20,851 - green_transport_twin - ERROR - Something went wrong connecting to the NGSI-LD broker. Maybe server is down.
2021-07-28 08:58:20,862 - green_transport_twin - ERROR - Something went wrong connecting to the NGSI-LD broker. Maybe server is down.
2021-07-28 08:58:20,876 - green_transport_twin - ERROR - Something went wrong connecting to the NGSI-LD broker. Maybe server is down.
2021-07-28 08:58:22,857 - green_transport_twin - ERROR - Something went wrong connecting to the NGSI-LD broker. Maybe server is down.
2021-07-28 08:58:22,879 - green_transport_twin - ERROR - Something went wrong connecting to the NGSI-LD broker. Maybe server is down.
2021-07-28 08:58:22,897 - green_transport_twin - ERROR - Something went wrong connecting to the NGSI-LD broker. Maybe server is down.
2021-07-28 08:58:22,911 - green_transport_twin - ERROR - Something went wrong connecting to the NGSI-LD broker. Maybe server is down.
2021-07-28 08:58:22,925 - green_transport_twin - ERROR - Something went wrong connecting to the NGSI-LD broker. Maybe server is down.
2021-07-28 08:58:22,936 - green_transport_twin - ERROR - Something went wrong connecting to the NGSI-LD broker. Maybe server is down.
2021-07-28 08:58:22,945 - green_transport_twin - ERROR - Something went wrong connecting to the NGSI-LD broker. Maybe server is down.
2021-07-28 08:58:22,953 - green_transport_twin - ERROR - Something went wrong connecting to the NGSI-LD broker. Maybe server is down.
2021-07-28 08:58:22,961 - green_transport_twin - ERROR - Something went wrong connecting to the NGSI-LD broker. Maybe server is down.
2021-07-28 08:58:23,975 - green_transport_twin - ERROR - Something went wrong connecting to the NGSI-LD broker. Maybe server is down.
2021-07-28 08:58:23,989 - green_transport_twin - ERROR - Something went wrong connecting to the NGSI-LD broker. Maybe server is down.
2021-07-28 08:58:24,008 - green_transport_twin - ERROR - Something went wrong connecting to the NGSI-LD broker. Maybe server is down.
2021-07-28 08:58:24,021 - green_transport_twin - ERROR - Something went wrong connecting to the NGSI-LD broker. Maybe server is down.
2021-07-28 08:58:24,034 - green_transport_twin - ERROR - Something went wrong connecting to the NGSI-LD broker. Maybe server is down.
2021-07-28 08:58:24,046 - green_transport_twin - ERROR - Something went wrong connecting to the NGSI-LD broker. Maybe server is down.
2021-07-28 08:58:24,059 - green_transport_twin - ERROR - Something went wrong connecting to the NGSI-LD broker. Maybe server is down.
2021-07-28 08:58:27,074 - green_transport_twin - ERROR - Something went wrong connecting to the NGSI-LD broker. Maybe server is down.
2021-07-28 08:58:27,090 - green_transport_twin - ERROR - Something went wrong connecting to the NGSI-LD broker. Maybe server is down.
2021-07-28 08:58:27,101 - green_transport_twin - ERROR - Something went wrong connecting to the NGSI-LD broker. Maybe server is down.
2021-07-28 08:58:27,112 - green_transport_twin - ERROR - Something went wrong connecting to the NGSI-LD broker. Maybe server is down.
2021-07-28 08:58:27,122 - green_transport_twin - ERROR - Something went wrong connecting to the NGSI-LD broker. Maybe server is down.
2021-07-28 08:58:27,134 - green_transport_twin - ERROR - Something went wrong connecting to the NGSI-LD broker. Maybe server is down.
2021-07-28 08:58:27,145 - green_transport_twin - ERROR - Something went wrong connecting to the NGSI-LD broker. Maybe server is down.
2021-07-28 08:58:27,158 - green_transport_twin - ERROR - Something went wrong connecting to the NGSI-LD broker. Maybe server is down.
2021-07-28 08:58:27,180 - green_transport_twin - ERROR - Something went wrong connecting to the NGSI-LD broker. Maybe server is down.
2021-07-28 08:58:27,195 - green_transport_twin - ERROR - Something went wrong connecting to the NGSI-LD broker. Maybe server is down.
2021-07-28 08:58:27,207 - green_transport_twin - ERROR - Something went wrong connecting to the NGSI-LD broker. Maybe server is down.
2021-07-28 08:58:32,224 - green_transport_twin - ERROR - Something went wrong connecting to the NGSI-LD broker. Maybe server is down.
2021-07-28 08:58:32,237 - green_transport_twin - ERROR - Something went wrong connecting to the NGSI-LD broker. Maybe server is down.
2021-07-28 08:58:32,249 - green_transport_twin - ERROR - Something went wrong connecting to the NGSI-LD broker. Maybe server is down.
2021-07-28 08:58:32,259 - green_transport_twin - ERROR - Something went wrong connecting to the NGSI-LD broker. Maybe server is down.
2021-07-28 08:58:32,272 - green_transport_twin - ERROR - Something went wrong connecting to the NGSI-LD broker. Maybe server is down.
2021-07-28 08:58:32,285 - green_transport_twin - ERROR - Something went wrong connecting to the NGSI-LD broker. Maybe server is down.
2021-07-28 08:58:32,303 - green_transport_twin - ERROR - Something went wrong connecting to the NGSI-LD broker. Maybe server is down.
2021-07-28 08:58:32,316 - green_transport_twin - ERROR - Something went wrong connecting to the NGSI-LD broker. Maybe server is down.
2021-07-28 08:58:32,326 - green_transport_twin - ERROR - Something went wrong connecting to the NGSI-LD broker. Maybe server is down.
2021-07-28 08:58:32,340 - green_transport_twin - ERROR - Something went wrong connecting to the NGSI-LD broker. Maybe server is down.
2021-07-28 08:58:37,359 - green_transport_twin - ERROR - Something went wrong connecting to the NGSI-LD broker. Maybe server is down.
2021-07-28 08:58:37,374 - green_transport_twin - ERROR - Something went wrong connecting to the NGSI-LD broker. Maybe server is down.
2021-07-28 08:58:37,383 - green_transport_twin - ERROR - Something went wrong connecting to the NGSI-LD broker. Maybe server is down.
2021-07-28 08:58:37,393 - green_transport_twin - ERROR - Something went wrong connecting to the NGSI-LD broker. Maybe server is down.
2021-07-28 08:58:37,404 - green_transport_twin - ERROR - Something went wrong connecting to the NGSI-LD broker. Maybe server is down.
2021-07-28 08:58:37,414 - green_transport_twin - ERROR - Something went wrong connecting to the NGSI-LD broker. Maybe server is down.
2021-07-28 08:58:37,425 - green_transport_twin - ERROR - Something went wrong connecting to the NGSI-LD broker. Maybe server is down.
2021-07-28 08:58:37,436 - green_transport_twin - ERROR - Something went wrong connecting to the NGSI-LD broker. Maybe server is down.
2021-07-28 08:58:42,452 - green_transport_twin - ERROR - Something went wrong connecting to the NGSI-LD broker. Maybe server is down.
2021-07-28 08:58:42,461 - green_transport_twin - ERROR - Something went wrong connecting to the NGSI-LD broker. Maybe server is down.
2021-07-28 08:58:42,470 - green_transport_twin - ERROR - Something went wrong connecting to the NGSI-LD broker. Maybe server is down.
2021-07-28 08:58:42,478 - green_transport_twin - ERROR - Something went wrong connecting to the NGSI-LD broker. Maybe server is down.
2021-07-28 08:58:42,488 - green_transport_twin - ERROR - Something went wrong connecting to the NGSI-LD broker. Maybe server is down.
2021-07-28 08:58:42,499 - green_transport_twin - ERROR - Something went wrong connecting to the NGSI-LD broker. Maybe server is down.
2021-07-28 08:58:42,509 - green_transport_twin - ERROR - Something went wrong connecting to the NGSI-LD broker. Maybe server is down.
2021-07-28 08:58:42,517 - green_transport_twin - ERROR - Something went wrong connecting to the NGSI-LD broker. Maybe server is down.
2021-07-28 08:58:42,526 - green_transport_twin - ERROR - Something went wrong connecting to the NGSI-LD broker. Maybe server is down.
2021-07-28 08:58:42,534 - green_transport_twin - ERROR - Something went wrong connecting to the NGSI-LD broker. Maybe server is down.
2021-07-28 08:58:42,543 - green_transport_twin - ERROR - Something went wrong connecting to the NGSI-LD broker. Maybe server is down.
2021-07-28 08:58:51,555 - green_transport_twin - INFO - Shutting down...
